<?xml version="1.0" encoding="UTF-8"?>
<!-- Generated by org.testng.reporters.JUnitReportReporter -->
<testsuite skipped="0" hostname="bakais-MacBook-Pro.local" name="Annotations.Basic" tests="1" failures="0" timestamp="26 May 2022 01:09:29 GMT" time="0.003" errors="0">
  <testcase name="test" time="0.003" classname="Annotations.Basic"/>
</testsuite> <!-- Annotations.Basic -->
