<?xml version="1.0" encoding="UTF-8"?>
<!-- Generated by org.testng.reporters.JUnitReportReporter -->
<testsuite skipped="0" hostname="bakais-MacBook-Pro.local" name="Attributes.DependsOn" tests="1" failures="0" timestamp="26 May 2022 01:09:29 GMT" time="0.000" errors="0">
  <testcase name="testCase3" time="0.000" classname="Attributes.DependsOn"/>
</testsuite> <!-- Attributes.DependsOn -->
