<?xml version="1.0" encoding="UTF-8"?>
<!-- Generated by org.testng.reporters.JUnitReportReporter -->
<testsuite skipped="0" hostname="bakais-MacBook-Pro.local" name="Attributes.Priority" tests="1" failures="0" timestamp="26 May 2022 01:09:29 GMT" time="0.001" errors="0">
  <testcase name="watermelon" time="0.001" classname="Attributes.Priority"/>
</testsuite> <!-- Attributes.Priority -->
